<?xml version="1.0" encoding="UTF-8"?>
<!-- Generated by org.testng.reporters.JUnitReportReporter -->
<testsuite hostname="DESKTOP-BUUTTCS" failures="0" tests="1" name="coverFoxTest.CF_TC01_Validate_search_results_for_healthcare_policies3" time="22.955" errors="0" timestamp="2024-01-17T22:07:51 IST" skipped="0">
  <testcase classname="coverFoxTest.CF_TC01_Validate_search_results_for_healthcare_policies3" name="validateTestPlansFromTextAndBanners" time="22.955">
    <system-out>
      <![CDATA[Fetching number of results from text 
Fetching number of results from Banners 
TC is passed 
Validating SortPlan Element Presency
TC is passed ]]>
    </system-out>
  </testcase> <!-- validateTestPlansFromTextAndBanners -->
  <system-out>
    <![CDATA[Launching Browser:
clicking on gender button 
clicking on next button 
Handeling age drop down 
Clicking on next button 
Entering pin code 
Entering mobile num 
Clicking on continue button 
Fetching number of results from text 
Fetching number of results from Banners 
TC is passed 
Validating SortPlan Element Presency
TC is passed 
Closing Browser:]]>
  </system-out>
</testsuite> <!-- coverFoxTest.CF_TC01_Validate_search_results_for_healthcare_policies3 -->
