<?xml version="1.0" encoding="UTF-8"?>
<!-- Generated by org.testng.reporters.JUnitReportReporter -->
<testsuite hostname="DESKTOP-BUUTTCS" failures="0" tests="1" name="coverFoxTest.CF_TC02_Validate_Pincode_MobileNum" time="17.241" errors="0" timestamp="2024-01-17T22:53:51 IST" skipped="0">
  <testcase classname="coverFoxTest.CF_TC02_Validate_Pincode_MobileNum" name="validateTestPlansFromTextAndBanners" time="17.241">
    <system-out>
      <![CDATA[Verifying Pincode Error Massage Visibility 
Verifying Pincode Error Massage Content 
Verifying MobileNumber Error Massage Visibility 
Verifying MobileNumber Error Massage Content 
Location of Scrrenshot: F:\Automation Testing\Scrrenshots\validateTestPlansFromTextAndBanners2024.01.17.22.53.46.png]]>
    </system-out>
  </testcase> <!-- validateTestPlansFromTextAndBanners -->
  <system-out>
    <![CDATA[Launching Browser:
clicking on gender button 
clicking on next button 
Handeling age drop down 
Clicking on next button 
Entering pin code 
Entering mobile num 
Clicking on continue button 
Verifying Pincode Error Massage Visibility 
Verifying Pincode Error Massage Content 
Verifying MobileNumber Error Massage Visibility 
Verifying MobileNumber Error Massage Content 
Location of Scrrenshot: F:\Automation Testing\Scrrenshots\validateTestPlansFromTextAndBanners2024.01.17.22.53.46.png
Closing Browser:]]>
  </system-out>
</testsuite> <!-- coverFoxTest.CF_TC02_Validate_Pincode_MobileNum -->
