<?xml version="1.0" encoding="UTF-8"?>
<!-- Generated by org.testng.reporters.JUnitReportReporter -->
<testsuite hostname="DESKTOP-BUUTTCS" failures="0" tests="1" name="coverFoxTest.CF_TC01_Validate_search_results_for_healthcare_policies" time="24.238" errors="0" timestamp="2024-01-18T10:06:42 IST" skipped="0">
  <testcase classname="coverFoxTest.CF_TC01_Validate_search_results_for_healthcare_policies" name="validateTestPlansFromTextAndBanners" time="24.238">
    <system-out>
      <![CDATA[Fetching number of results from text 
Fetching number of results from Banners 
Location of Scrrenshot: F:\Automation Testing\Scrrenshots\TC01_2024.01.18.10.06.09.png]]>
    </system-out>
  </testcase> <!-- validateTestPlansFromTextAndBanners -->
  <system-out>
    <![CDATA[Launching Browser:
clicking on gender button 
clicking on next button 
Handeling age drop down 
Clicking on next button 
Entering pin code 
Entering mobile num 
Clicking on continue button 
Fetching number of results from text 
Fetching number of results from Banners 
Location of Scrrenshot: F:\Automation Testing\Scrrenshots\TC01_2024.01.18.10.06.09.png
Closing Browser:
Launching Browser:
clicking on gender button 
clicking on next button 
Handeling age drop down 
Clicking on next button 
Entering pin code 
Entering mobile num 
Clicking on continue button 
Fetching number of results from text 
Fetching number of results from Banners 
TC is passed 
Closing Browser:]]>
  </system-out>
</testsuite> <!-- coverFoxTest.CF_TC01_Validate_search_results_for_healthcare_policies -->
